mode: atomic
github.com/HOangAG2207/GoBeK03/internal/handler/health/check_health.go:18.61,20.16 2 2
github.com/HOangAG2207/GoBeK03/internal/handler/health/check_health.go:20.16,26.3 2 1
github.com/HOangAG2207/GoBeK03/internal/handler/health/check_health.go:28.2,28.37 1 1
github.com/HOangAG2207/GoBeK03/internal/handler/health/handler.go:15.43,19.2 1 0
github.com/HOangAG2207/GoBeK03/internal/repository/health/ping.go:3.49,5.2 1 0
github.com/HOangAG2207/GoBeK03/internal/repository/health/repository.go:11.25,13.2 1 0
github.com/HOangAG2207/GoBeK03/internal/service/health/check_health.go:8.62,10.9 2 0
github.com/HOangAG2207/GoBeK03/internal/service/health/check_health.go:10.9,12.3 1 0
github.com/HOangAG2207/GoBeK03/internal/service/health/check_health.go:13.2,14.14 2 0
github.com/HOangAG2207/GoBeK03/internal/service/health/check_health.go:14.14,16.3 1 0
github.com/HOangAG2207/GoBeK03/internal/service/health/check_health.go:18.2,22.8 1 0
github.com/HOangAG2207/GoBeK03/internal/service/health/service.go:19.79,25.2 1 0
github.com/HOangAG2207/GoBeK03/internal/utils/uuid_generation.go:5.29,7.2 1 0
github.com/HOangAG2207/GoBeK03/internal/handler/health/check_health.go:18.61,20.16 2 0
github.com/HOangAG2207/GoBeK03/internal/handler/health/check_health.go:20.16,26.3 2 0
github.com/HOangAG2207/GoBeK03/internal/handler/health/check_health.go:28.2,28.37 1 0
github.com/HOangAG2207/GoBeK03/internal/handler/health/handler.go:15.43,19.2 1 0
github.com/HOangAG2207/GoBeK03/internal/repository/health/ping.go:3.49,5.2 1 1
github.com/HOangAG2207/GoBeK03/internal/repository/health/repository.go:11.25,13.2 1 1
github.com/HOangAG2207/GoBeK03/internal/service/health/check_health.go:8.62,10.9 2 0
github.com/HOangAG2207/GoBeK03/internal/service/health/check_health.go:10.9,12.3 1 0
github.com/HOangAG2207/GoBeK03/internal/service/health/check_health.go:13.2,14.14 2 0
github.com/HOangAG2207/GoBeK03/internal/service/health/check_health.go:14.14,16.3 1 0
github.com/HOangAG2207/GoBeK03/internal/service/health/check_health.go:18.2,22.8 1 0
github.com/HOangAG2207/GoBeK03/internal/service/health/service.go:19.79,25.2 1 0
github.com/HOangAG2207/GoBeK03/internal/utils/uuid_generation.go:5.29,7.2 1 0
github.com/HOangAG2207/GoBeK03/internal/handler/health/check_health.go:18.61,20.16 2 0
github.com/HOangAG2207/GoBeK03/internal/handler/health/check_health.go:20.16,26.3 2 0
github.com/HOangAG2207/GoBeK03/internal/handler/health/check_health.go:28.2,28.37 1 0
github.com/HOangAG2207/GoBeK03/internal/handler/health/handler.go:15.43,19.2 1 0
github.com/HOangAG2207/GoBeK03/internal/repository/health/ping.go:3.49,5.2 1 0
github.com/HOangAG2207/GoBeK03/internal/repository/health/repository.go:11.25,13.2 1 0
github.com/HOangAG2207/GoBeK03/internal/service/health/check_health.go:8.62,10.9 2 3
github.com/HOangAG2207/GoBeK03/internal/service/health/check_health.go:10.9,12.3 1 1
github.com/HOangAG2207/GoBeK03/internal/service/health/check_health.go:13.2,14.14 2 2
github.com/HOangAG2207/GoBeK03/internal/service/health/check_health.go:14.14,16.3 1 1
github.com/HOangAG2207/GoBeK03/internal/service/health/check_health.go:18.2,22.8 1 2
github.com/HOangAG2207/GoBeK03/internal/service/health/service.go:19.79,25.2 1 0
github.com/HOangAG2207/GoBeK03/internal/utils/uuid_generation.go:5.29,7.2 1 1
github.com/HOangAG2207/GoBeK03/internal/handler/health/check_health.go:18.61,20.16 2 1
github.com/HOangAG2207/GoBeK03/internal/handler/health/check_health.go:20.16,26.3 2 0
github.com/HOangAG2207/GoBeK03/internal/handler/health/check_health.go:28.2,28.37 1 1
github.com/HOangAG2207/GoBeK03/internal/handler/health/handler.go:15.43,19.2 1 1
github.com/HOangAG2207/GoBeK03/internal/repository/health/ping.go:3.49,5.2 1 1
github.com/HOangAG2207/GoBeK03/internal/repository/health/repository.go:11.25,13.2 1 1
github.com/HOangAG2207/GoBeK03/internal/service/health/check_health.go:8.62,10.9 2 1
github.com/HOangAG2207/GoBeK03/internal/service/health/check_health.go:10.9,12.3 1 0
github.com/HOangAG2207/GoBeK03/internal/service/health/check_health.go:13.2,14.14 2 1
github.com/HOangAG2207/GoBeK03/internal/service/health/check_health.go:14.14,16.3 1 0
github.com/HOangAG2207/GoBeK03/internal/service/health/check_health.go:18.2,22.8 1 1
github.com/HOangAG2207/GoBeK03/internal/service/health/service.go:19.79,25.2 1 1
github.com/HOangAG2207/GoBeK03/internal/utils/uuid_generation.go:5.29,7.2 1 0
github.com/HOangAG2207/GoBeK03/internal/utils/uuid_generation.go:5.29,7.2 1 0
