mode: atomic
github.com/HOangAG2207/GoBeK03/internal/handler/health/check_health.go:18.61,26.16 2 2
github.com/HOangAG2207/GoBeK03/internal/handler/health/check_health.go:26.16,35.3 2 1
github.com/HOangAG2207/GoBeK03/internal/handler/health/check_health.go:40.2,40.37 1 1
github.com/HOangAG2207/GoBeK03/internal/handler/health/handler.go:29.43,36.2 1 0
github.com/HOangAG2207/GoBeK03/internal/handler/url/handler.go:23.51,27.2 1 0
github.com/HOangAG2207/GoBeK03/internal/handler/url/shorten_url.go:30.57,33.59 2 0
github.com/HOangAG2207/GoBeK03/internal/handler/url/shorten_url.go:33.59,37.3 1 0
github.com/HOangAG2207/GoBeK03/internal/handler/url/shorten_url.go:38.2,39.16 2 0
github.com/HOangAG2207/GoBeK03/internal/handler/url/shorten_url.go:39.16,49.3 2 0
github.com/HOangAG2207/GoBeK03/internal/handler/url/shorten_url.go:51.2,54.4 1 0
github.com/HOangAG2207/GoBeK03/internal/repository/health/ping.go:4.49,9.2 1 0
github.com/HOangAG2207/GoBeK03/internal/repository/health/repository.go:18.25,22.2 1 0
github.com/HOangAG2207/GoBeK03/internal/repository/url/get_url.go:5.82,7.2 1 0
github.com/HOangAG2207/GoBeK03/internal/repository/url/repository.go:21.78,22.18 1 0
github.com/HOangAG2207/GoBeK03/internal/repository/url/repository.go:22.18,24.3 1 0
github.com/HOangAG2207/GoBeK03/internal/repository/url/repository.go:25.2,28.3 1 0
github.com/HOangAG2207/GoBeK03/internal/repository/url/store_url.go:5.79,7.2 1 0
github.com/HOangAG2207/GoBeK03/internal/repository/url/store_url_if_absent.go:8.95,10.16 2 0
github.com/HOangAG2207/GoBeK03/internal/repository/url/store_url_if_absent.go:10.16,12.3 1 0
github.com/HOangAG2207/GoBeK03/internal/repository/url/store_url_if_absent.go:13.2,13.16 1 0
github.com/HOangAG2207/GoBeK03/internal/service/health/check_health.go:10.62,19.9 2 0
github.com/HOangAG2207/GoBeK03/internal/service/health/check_health.go:19.9,21.3 1 0
github.com/HOangAG2207/GoBeK03/internal/service/health/check_health.go:26.2,30.14 2 0
github.com/HOangAG2207/GoBeK03/internal/service/health/check_health.go:30.14,32.3 1 0
github.com/HOangAG2207/GoBeK03/internal/service/health/check_health.go:37.2,47.8 1 0
github.com/HOangAG2207/GoBeK03/internal/service/health/service.go:36.79,45.2 1 0
github.com/HOangAG2207/GoBeK03/internal/service/url/service.go:30.74,31.24 1 0
github.com/HOangAG2207/GoBeK03/internal/service/url/service.go:31.24,33.3 1 0
github.com/HOangAG2207/GoBeK03/internal/service/url/service.go:34.2,37.3 1 0
github.com/HOangAG2207/GoBeK03/internal/service/url/shorten_url.go:9.82,10.59 1 0
github.com/HOangAG2207/GoBeK03/internal/service/url/shorten_url.go:10.59,13.17 2 0
github.com/HOangAG2207/GoBeK03/internal/service/url/shorten_url.go:13.17,15.4 1 0
github.com/HOangAG2207/GoBeK03/internal/service/url/shorten_url.go:17.3,18.17 2 0
github.com/HOangAG2207/GoBeK03/internal/service/url/shorten_url.go:18.17,20.4 1 0
github.com/HOangAG2207/GoBeK03/internal/service/url/shorten_url.go:21.3,21.13 1 0
github.com/HOangAG2207/GoBeK03/internal/service/url/shorten_url.go:21.13,23.4 1 0
github.com/HOangAG2207/GoBeK03/internal/service/url/shorten_url.go:25.2,25.34 1 0
github.com/HOangAG2207/GoBeK03/internal/handler/health/check_health.go:18.61,26.16 2 0
github.com/HOangAG2207/GoBeK03/internal/handler/health/check_health.go:26.16,35.3 2 0
github.com/HOangAG2207/GoBeK03/internal/handler/health/check_health.go:40.2,40.37 1 0
github.com/HOangAG2207/GoBeK03/internal/handler/health/handler.go:29.43,36.2 1 0
github.com/HOangAG2207/GoBeK03/internal/handler/url/handler.go:23.51,27.2 1 3
github.com/HOangAG2207/GoBeK03/internal/handler/url/shorten_url.go:30.57,33.59 2 3
github.com/HOangAG2207/GoBeK03/internal/handler/url/shorten_url.go:33.59,37.3 1 1
github.com/HOangAG2207/GoBeK03/internal/handler/url/shorten_url.go:38.2,39.16 2 2
github.com/HOangAG2207/GoBeK03/internal/handler/url/shorten_url.go:39.16,49.3 2 1
github.com/HOangAG2207/GoBeK03/internal/handler/url/shorten_url.go:51.2,54.4 1 1
github.com/HOangAG2207/GoBeK03/internal/repository/health/ping.go:4.49,9.2 1 0
github.com/HOangAG2207/GoBeK03/internal/repository/health/repository.go:18.25,22.2 1 0
github.com/HOangAG2207/GoBeK03/internal/repository/url/get_url.go:5.82,7.2 1 0
github.com/HOangAG2207/GoBeK03/internal/repository/url/repository.go:21.78,22.18 1 0
github.com/HOangAG2207/GoBeK03/internal/repository/url/repository.go:22.18,24.3 1 0
github.com/HOangAG2207/GoBeK03/internal/repository/url/repository.go:25.2,28.3 1 0
github.com/HOangAG2207/GoBeK03/internal/repository/url/store_url.go:5.79,7.2 1 0
github.com/HOangAG2207/GoBeK03/internal/repository/url/store_url_if_absent.go:8.95,10.16 2 0
github.com/HOangAG2207/GoBeK03/internal/repository/url/store_url_if_absent.go:10.16,12.3 1 0
github.com/HOangAG2207/GoBeK03/internal/repository/url/store_url_if_absent.go:13.2,13.16 1 0
github.com/HOangAG2207/GoBeK03/internal/service/health/check_health.go:10.62,19.9 2 0
github.com/HOangAG2207/GoBeK03/internal/service/health/check_health.go:19.9,21.3 1 0
github.com/HOangAG2207/GoBeK03/internal/service/health/check_health.go:26.2,30.14 2 0
github.com/HOangAG2207/GoBeK03/internal/service/health/check_health.go:30.14,32.3 1 0
github.com/HOangAG2207/GoBeK03/internal/service/health/check_health.go:37.2,47.8 1 0
github.com/HOangAG2207/GoBeK03/internal/service/health/service.go:36.79,45.2 1 0
github.com/HOangAG2207/GoBeK03/internal/service/url/service.go:30.74,31.24 1 0
github.com/HOangAG2207/GoBeK03/internal/service/url/service.go:31.24,33.3 1 0
github.com/HOangAG2207/GoBeK03/internal/service/url/service.go:34.2,37.3 1 0
github.com/HOangAG2207/GoBeK03/internal/service/url/shorten_url.go:9.82,10.59 1 0
github.com/HOangAG2207/GoBeK03/internal/service/url/shorten_url.go:10.59,13.17 2 0
github.com/HOangAG2207/GoBeK03/internal/service/url/shorten_url.go:13.17,15.4 1 0
github.com/HOangAG2207/GoBeK03/internal/service/url/shorten_url.go:17.3,18.17 2 0
github.com/HOangAG2207/GoBeK03/internal/service/url/shorten_url.go:18.17,20.4 1 0
github.com/HOangAG2207/GoBeK03/internal/service/url/shorten_url.go:21.3,21.13 1 0
github.com/HOangAG2207/GoBeK03/internal/service/url/shorten_url.go:21.13,23.4 1 0
github.com/HOangAG2207/GoBeK03/internal/service/url/shorten_url.go:25.2,25.34 1 0
github.com/HOangAG2207/GoBeK03/internal/handler/health/check_health.go:18.61,26.16 2 0
github.com/HOangAG2207/GoBeK03/internal/handler/health/check_health.go:26.16,35.3 2 0
github.com/HOangAG2207/GoBeK03/internal/handler/health/check_health.go:40.2,40.37 1 0
github.com/HOangAG2207/GoBeK03/internal/handler/health/handler.go:29.43,36.2 1 0
github.com/HOangAG2207/GoBeK03/internal/handler/url/handler.go:23.51,27.2 1 0
github.com/HOangAG2207/GoBeK03/internal/handler/url/shorten_url.go:30.57,33.59 2 0
github.com/HOangAG2207/GoBeK03/internal/handler/url/shorten_url.go:33.59,37.3 1 0
github.com/HOangAG2207/GoBeK03/internal/handler/url/shorten_url.go:38.2,39.16 2 0
github.com/HOangAG2207/GoBeK03/internal/handler/url/shorten_url.go:39.16,49.3 2 0
github.com/HOangAG2207/GoBeK03/internal/handler/url/shorten_url.go:51.2,54.4 1 0
github.com/HOangAG2207/GoBeK03/internal/repository/health/ping.go:4.49,9.2 1 1
github.com/HOangAG2207/GoBeK03/internal/repository/health/repository.go:18.25,22.2 1 1
github.com/HOangAG2207/GoBeK03/internal/repository/url/get_url.go:5.82,7.2 1 0
github.com/HOangAG2207/GoBeK03/internal/repository/url/repository.go:21.78,22.18 1 0
github.com/HOangAG2207/GoBeK03/internal/repository/url/repository.go:22.18,24.3 1 0
github.com/HOangAG2207/GoBeK03/internal/repository/url/repository.go:25.2,28.3 1 0
github.com/HOangAG2207/GoBeK03/internal/repository/url/store_url.go:5.79,7.2 1 0
github.com/HOangAG2207/GoBeK03/internal/repository/url/store_url_if_absent.go:8.95,10.16 2 0
github.com/HOangAG2207/GoBeK03/internal/repository/url/store_url_if_absent.go:10.16,12.3 1 0
github.com/HOangAG2207/GoBeK03/internal/repository/url/store_url_if_absent.go:13.2,13.16 1 0
github.com/HOangAG2207/GoBeK03/internal/service/health/check_health.go:10.62,19.9 2 0
github.com/HOangAG2207/GoBeK03/internal/service/health/check_health.go:19.9,21.3 1 0
github.com/HOangAG2207/GoBeK03/internal/service/health/check_health.go:26.2,30.14 2 0
github.com/HOangAG2207/GoBeK03/internal/service/health/check_health.go:30.14,32.3 1 0
github.com/HOangAG2207/GoBeK03/internal/service/health/check_health.go:37.2,47.8 1 0
github.com/HOangAG2207/GoBeK03/internal/service/health/service.go:36.79,45.2 1 0
github.com/HOangAG2207/GoBeK03/internal/service/url/service.go:30.74,31.24 1 0
github.com/HOangAG2207/GoBeK03/internal/service/url/service.go:31.24,33.3 1 0
github.com/HOangAG2207/GoBeK03/internal/service/url/service.go:34.2,37.3 1 0
github.com/HOangAG2207/GoBeK03/internal/service/url/shorten_url.go:9.82,10.59 1 0
github.com/HOangAG2207/GoBeK03/internal/service/url/shorten_url.go:10.59,13.17 2 0
github.com/HOangAG2207/GoBeK03/internal/service/url/shorten_url.go:13.17,15.4 1 0
github.com/HOangAG2207/GoBeK03/internal/service/url/shorten_url.go:17.3,18.17 2 0
github.com/HOangAG2207/GoBeK03/internal/service/url/shorten_url.go:18.17,20.4 1 0
github.com/HOangAG2207/GoBeK03/internal/service/url/shorten_url.go:21.3,21.13 1 0
github.com/HOangAG2207/GoBeK03/internal/service/url/shorten_url.go:21.13,23.4 1 0
github.com/HOangAG2207/GoBeK03/internal/service/url/shorten_url.go:25.2,25.34 1 0
github.com/HOangAG2207/GoBeK03/internal/handler/health/check_health.go:18.61,26.16 2 0
github.com/HOangAG2207/GoBeK03/internal/handler/health/check_health.go:26.16,35.3 2 0
github.com/HOangAG2207/GoBeK03/internal/handler/health/check_health.go:40.2,40.37 1 0
github.com/HOangAG2207/GoBeK03/internal/handler/health/handler.go:29.43,36.2 1 0
github.com/HOangAG2207/GoBeK03/internal/handler/url/handler.go:23.51,27.2 1 0
github.com/HOangAG2207/GoBeK03/internal/handler/url/shorten_url.go:30.57,33.59 2 0
github.com/HOangAG2207/GoBeK03/internal/handler/url/shorten_url.go:33.59,37.3 1 0
github.com/HOangAG2207/GoBeK03/internal/handler/url/shorten_url.go:38.2,39.16 2 0
github.com/HOangAG2207/GoBeK03/internal/handler/url/shorten_url.go:39.16,49.3 2 0
github.com/HOangAG2207/GoBeK03/internal/handler/url/shorten_url.go:51.2,54.4 1 0
github.com/HOangAG2207/GoBeK03/internal/repository/health/ping.go:4.49,9.2 1 0
github.com/HOangAG2207/GoBeK03/internal/repository/health/repository.go:18.25,22.2 1 0
github.com/HOangAG2207/GoBeK03/internal/repository/url/get_url.go:5.82,7.2 1 2
github.com/HOangAG2207/GoBeK03/internal/repository/url/repository.go:21.78,22.18 1 8
github.com/HOangAG2207/GoBeK03/internal/repository/url/repository.go:22.18,24.3 1 5
github.com/HOangAG2207/GoBeK03/internal/repository/url/repository.go:25.2,28.3 1 8
github.com/HOangAG2207/GoBeK03/internal/repository/url/store_url.go:5.79,7.2 1 2
github.com/HOangAG2207/GoBeK03/internal/repository/url/store_url_if_absent.go:8.95,10.16 2 4
github.com/HOangAG2207/GoBeK03/internal/repository/url/store_url_if_absent.go:10.16,12.3 1 1
github.com/HOangAG2207/GoBeK03/internal/repository/url/store_url_if_absent.go:13.2,13.16 1 3
github.com/HOangAG2207/GoBeK03/internal/service/health/check_health.go:10.62,19.9 2 0
github.com/HOangAG2207/GoBeK03/internal/service/health/check_health.go:19.9,21.3 1 0
github.com/HOangAG2207/GoBeK03/internal/service/health/check_health.go:26.2,30.14 2 0
github.com/HOangAG2207/GoBeK03/internal/service/health/check_health.go:30.14,32.3 1 0
github.com/HOangAG2207/GoBeK03/internal/service/health/check_health.go:37.2,47.8 1 0
github.com/HOangAG2207/GoBeK03/internal/service/health/service.go:36.79,45.2 1 0
github.com/HOangAG2207/GoBeK03/internal/service/url/service.go:30.74,31.24 1 0
github.com/HOangAG2207/GoBeK03/internal/service/url/service.go:31.24,33.3 1 0
github.com/HOangAG2207/GoBeK03/internal/service/url/service.go:34.2,37.3 1 0
github.com/HOangAG2207/GoBeK03/internal/service/url/shorten_url.go:9.82,10.59 1 0
github.com/HOangAG2207/GoBeK03/internal/service/url/shorten_url.go:10.59,13.17 2 0
github.com/HOangAG2207/GoBeK03/internal/service/url/shorten_url.go:13.17,15.4 1 0
github.com/HOangAG2207/GoBeK03/internal/service/url/shorten_url.go:17.3,18.17 2 0
github.com/HOangAG2207/GoBeK03/internal/service/url/shorten_url.go:18.17,20.4 1 0
github.com/HOangAG2207/GoBeK03/internal/service/url/shorten_url.go:21.3,21.13 1 0
github.com/HOangAG2207/GoBeK03/internal/service/url/shorten_url.go:21.13,23.4 1 0
github.com/HOangAG2207/GoBeK03/internal/service/url/shorten_url.go:25.2,25.34 1 0
github.com/HOangAG2207/GoBeK03/internal/handler/health/check_health.go:18.61,26.16 2 0
github.com/HOangAG2207/GoBeK03/internal/handler/health/check_health.go:26.16,35.3 2 0
github.com/HOangAG2207/GoBeK03/internal/handler/health/check_health.go:40.2,40.37 1 0
github.com/HOangAG2207/GoBeK03/internal/handler/health/handler.go:29.43,36.2 1 0
github.com/HOangAG2207/GoBeK03/internal/handler/url/handler.go:23.51,27.2 1 0
github.com/HOangAG2207/GoBeK03/internal/handler/url/shorten_url.go:30.57,33.59 2 0
github.com/HOangAG2207/GoBeK03/internal/handler/url/shorten_url.go:33.59,37.3 1 0
github.com/HOangAG2207/GoBeK03/internal/handler/url/shorten_url.go:38.2,39.16 2 0
github.com/HOangAG2207/GoBeK03/internal/handler/url/shorten_url.go:39.16,49.3 2 0
github.com/HOangAG2207/GoBeK03/internal/handler/url/shorten_url.go:51.2,54.4 1 0
github.com/HOangAG2207/GoBeK03/internal/repository/health/ping.go:4.49,9.2 1 0
github.com/HOangAG2207/GoBeK03/internal/repository/health/repository.go:18.25,22.2 1 0
github.com/HOangAG2207/GoBeK03/internal/repository/url/get_url.go:5.82,7.2 1 0
github.com/HOangAG2207/GoBeK03/internal/repository/url/repository.go:21.78,22.18 1 0
github.com/HOangAG2207/GoBeK03/internal/repository/url/repository.go:22.18,24.3 1 0
github.com/HOangAG2207/GoBeK03/internal/repository/url/repository.go:25.2,28.3 1 0
github.com/HOangAG2207/GoBeK03/internal/repository/url/store_url.go:5.79,7.2 1 0
github.com/HOangAG2207/GoBeK03/internal/repository/url/store_url_if_absent.go:8.95,10.16 2 0
github.com/HOangAG2207/GoBeK03/internal/repository/url/store_url_if_absent.go:10.16,12.3 1 0
github.com/HOangAG2207/GoBeK03/internal/repository/url/store_url_if_absent.go:13.2,13.16 1 0
github.com/HOangAG2207/GoBeK03/internal/service/health/check_health.go:10.62,19.9 2 3
github.com/HOangAG2207/GoBeK03/internal/service/health/check_health.go:19.9,21.3 1 1
github.com/HOangAG2207/GoBeK03/internal/service/health/check_health.go:26.2,30.14 2 2
github.com/HOangAG2207/GoBeK03/internal/service/health/check_health.go:30.14,32.3 1 1
github.com/HOangAG2207/GoBeK03/internal/service/health/check_health.go:37.2,47.8 1 2
github.com/HOangAG2207/GoBeK03/internal/service/health/service.go:36.79,45.2 1 0
github.com/HOangAG2207/GoBeK03/internal/service/url/service.go:30.74,31.24 1 0
github.com/HOangAG2207/GoBeK03/internal/service/url/service.go:31.24,33.3 1 0
github.com/HOangAG2207/GoBeK03/internal/service/url/service.go:34.2,37.3 1 0
github.com/HOangAG2207/GoBeK03/internal/service/url/shorten_url.go:9.82,10.59 1 0
github.com/HOangAG2207/GoBeK03/internal/service/url/shorten_url.go:10.59,13.17 2 0
github.com/HOangAG2207/GoBeK03/internal/service/url/shorten_url.go:13.17,15.4 1 0
github.com/HOangAG2207/GoBeK03/internal/service/url/shorten_url.go:17.3,18.17 2 0
github.com/HOangAG2207/GoBeK03/internal/service/url/shorten_url.go:18.17,20.4 1 0
github.com/HOangAG2207/GoBeK03/internal/service/url/shorten_url.go:21.3,21.13 1 0
github.com/HOangAG2207/GoBeK03/internal/service/url/shorten_url.go:21.13,23.4 1 0
github.com/HOangAG2207/GoBeK03/internal/service/url/shorten_url.go:25.2,25.34 1 0
github.com/HOangAG2207/GoBeK03/internal/handler/health/check_health.go:18.61,26.16 2 0
github.com/HOangAG2207/GoBeK03/internal/handler/health/check_health.go:26.16,35.3 2 0
github.com/HOangAG2207/GoBeK03/internal/handler/health/check_health.go:40.2,40.37 1 0
github.com/HOangAG2207/GoBeK03/internal/handler/health/handler.go:29.43,36.2 1 0
github.com/HOangAG2207/GoBeK03/internal/handler/url/handler.go:23.51,27.2 1 0
github.com/HOangAG2207/GoBeK03/internal/handler/url/shorten_url.go:30.57,33.59 2 0
github.com/HOangAG2207/GoBeK03/internal/handler/url/shorten_url.go:33.59,37.3 1 0
github.com/HOangAG2207/GoBeK03/internal/handler/url/shorten_url.go:38.2,39.16 2 0
github.com/HOangAG2207/GoBeK03/internal/handler/url/shorten_url.go:39.16,49.3 2 0
github.com/HOangAG2207/GoBeK03/internal/handler/url/shorten_url.go:51.2,54.4 1 0
github.com/HOangAG2207/GoBeK03/internal/repository/health/ping.go:4.49,9.2 1 0
github.com/HOangAG2207/GoBeK03/internal/repository/health/repository.go:18.25,22.2 1 0
github.com/HOangAG2207/GoBeK03/internal/repository/url/get_url.go:5.82,7.2 1 0
github.com/HOangAG2207/GoBeK03/internal/repository/url/repository.go:21.78,22.18 1 0
github.com/HOangAG2207/GoBeK03/internal/repository/url/repository.go:22.18,24.3 1 0
github.com/HOangAG2207/GoBeK03/internal/repository/url/repository.go:25.2,28.3 1 0
github.com/HOangAG2207/GoBeK03/internal/repository/url/store_url.go:5.79,7.2 1 0
github.com/HOangAG2207/GoBeK03/internal/repository/url/store_url_if_absent.go:8.95,10.16 2 0
github.com/HOangAG2207/GoBeK03/internal/repository/url/store_url_if_absent.go:10.16,12.3 1 0
github.com/HOangAG2207/GoBeK03/internal/repository/url/store_url_if_absent.go:13.2,13.16 1 0
github.com/HOangAG2207/GoBeK03/internal/service/health/check_health.go:10.62,19.9 2 0
github.com/HOangAG2207/GoBeK03/internal/service/health/check_health.go:19.9,21.3 1 0
github.com/HOangAG2207/GoBeK03/internal/service/health/check_health.go:26.2,30.14 2 0
github.com/HOangAG2207/GoBeK03/internal/service/health/check_health.go:30.14,32.3 1 0
github.com/HOangAG2207/GoBeK03/internal/service/health/check_health.go:37.2,47.8 1 0
github.com/HOangAG2207/GoBeK03/internal/service/health/service.go:36.79,45.2 1 0
github.com/HOangAG2207/GoBeK03/internal/service/url/service.go:30.74,31.24 1 4
github.com/HOangAG2207/GoBeK03/internal/service/url/service.go:31.24,33.3 1 0
github.com/HOangAG2207/GoBeK03/internal/service/url/service.go:34.2,37.3 1 4
github.com/HOangAG2207/GoBeK03/internal/service/url/shorten_url.go:9.82,10.59 1 4
github.com/HOangAG2207/GoBeK03/internal/service/url/shorten_url.go:10.59,13.17 2 14
github.com/HOangAG2207/GoBeK03/internal/service/url/shorten_url.go:13.17,15.4 1 0
github.com/HOangAG2207/GoBeK03/internal/service/url/shorten_url.go:17.3,18.17 2 14
github.com/HOangAG2207/GoBeK03/internal/service/url/shorten_url.go:18.17,20.4 1 1
github.com/HOangAG2207/GoBeK03/internal/service/url/shorten_url.go:21.3,21.13 1 13
github.com/HOangAG2207/GoBeK03/internal/service/url/shorten_url.go:21.13,23.4 1 2
github.com/HOangAG2207/GoBeK03/internal/service/url/shorten_url.go:25.2,25.34 1 1
github.com/HOangAG2207/GoBeK03/internal/handler/health/check_health.go:18.61,26.16 2 1
github.com/HOangAG2207/GoBeK03/internal/handler/health/check_health.go:26.16,35.3 2 0
github.com/HOangAG2207/GoBeK03/internal/handler/health/check_health.go:40.2,40.37 1 1
github.com/HOangAG2207/GoBeK03/internal/handler/health/handler.go:29.43,36.2 1 4
github.com/HOangAG2207/GoBeK03/internal/handler/url/handler.go:23.51,27.2 1 4
github.com/HOangAG2207/GoBeK03/internal/handler/url/shorten_url.go:30.57,33.59 2 3
github.com/HOangAG2207/GoBeK03/internal/handler/url/shorten_url.go:33.59,37.3 1 1
github.com/HOangAG2207/GoBeK03/internal/handler/url/shorten_url.go:38.2,39.16 2 2
github.com/HOangAG2207/GoBeK03/internal/handler/url/shorten_url.go:39.16,49.3 2 1
github.com/HOangAG2207/GoBeK03/internal/handler/url/shorten_url.go:51.2,54.4 1 1
github.com/HOangAG2207/GoBeK03/internal/repository/health/ping.go:4.49,9.2 1 1
github.com/HOangAG2207/GoBeK03/internal/repository/health/repository.go:18.25,22.2 1 4
github.com/HOangAG2207/GoBeK03/internal/repository/url/get_url.go:5.82,7.2 1 0
github.com/HOangAG2207/GoBeK03/internal/repository/url/repository.go:21.78,22.18 1 4
github.com/HOangAG2207/GoBeK03/internal/repository/url/repository.go:22.18,24.3 1 4
github.com/HOangAG2207/GoBeK03/internal/repository/url/repository.go:25.2,28.3 1 4
github.com/HOangAG2207/GoBeK03/internal/repository/url/store_url.go:5.79,7.2 1 0
github.com/HOangAG2207/GoBeK03/internal/repository/url/store_url_if_absent.go:8.95,10.16 2 2
github.com/HOangAG2207/GoBeK03/internal/repository/url/store_url_if_absent.go:10.16,12.3 1 1
github.com/HOangAG2207/GoBeK03/internal/repository/url/store_url_if_absent.go:13.2,13.16 1 1
github.com/HOangAG2207/GoBeK03/internal/service/health/check_health.go:10.62,19.9 2 1
github.com/HOangAG2207/GoBeK03/internal/service/health/check_health.go:19.9,21.3 1 0
github.com/HOangAG2207/GoBeK03/internal/service/health/check_health.go:26.2,30.14 2 1
github.com/HOangAG2207/GoBeK03/internal/service/health/check_health.go:30.14,32.3 1 0
github.com/HOangAG2207/GoBeK03/internal/service/health/check_health.go:37.2,47.8 1 1
github.com/HOangAG2207/GoBeK03/internal/service/health/service.go:36.79,45.2 1 4
github.com/HOangAG2207/GoBeK03/internal/service/url/service.go:30.74,31.24 1 4
github.com/HOangAG2207/GoBeK03/internal/service/url/service.go:31.24,33.3 1 4
github.com/HOangAG2207/GoBeK03/internal/service/url/service.go:34.2,37.3 1 4
github.com/HOangAG2207/GoBeK03/internal/service/url/shorten_url.go:9.82,10.59 1 2
github.com/HOangAG2207/GoBeK03/internal/service/url/shorten_url.go:10.59,13.17 2 2
github.com/HOangAG2207/GoBeK03/internal/service/url/shorten_url.go:13.17,15.4 1 0
github.com/HOangAG2207/GoBeK03/internal/service/url/shorten_url.go:17.3,18.17 2 2
github.com/HOangAG2207/GoBeK03/internal/service/url/shorten_url.go:18.17,20.4 1 1
github.com/HOangAG2207/GoBeK03/internal/service/url/shorten_url.go:21.3,21.13 1 1
github.com/HOangAG2207/GoBeK03/internal/service/url/shorten_url.go:21.13,23.4 1 1
github.com/HOangAG2207/GoBeK03/internal/service/url/shorten_url.go:25.2,25.34 1 0
